<?xml version="1.0" encoding="UTF-8"?>
<testsuite name="org.fastnate.generator.test.primitive.PrimitiveEntityTest" tests="6" skipped="0" failures="6" errors="0" timestamp="2016-09-08T19:35:24" hostname="dtdvmdykman" time="0.142">
  <properties/>
  <testcase name="testLobs" classname="org.fastnate.generator.test.primitive.PrimitiveEntityTest" time="0.031">
    <failure message="javax.persistence.PersistenceException: org.hibernate.exception.SQLGrammarException: could not prepare statement" type="javax.persistence.PersistenceException">javax.persistence.PersistenceException: org.hibernate.exception.SQLGrammarException: could not prepare statement
	at org.hibernate.jpa.spi.AbstractEntityManagerImpl.convert(AbstractEntityManagerImpl.java:1692)
	at org.hibernate.jpa.spi.AbstractEntityManagerImpl.convert(AbstractEntityManagerImpl.java:1602)
	at org.hibernate.jpa.spi.AbstractEntityManagerImpl.throwPersistenceException(AbstractEntityManagerImpl.java:1700)
	at org.hibernate.jpa.spi.AbstractQueryImpl.executeUpdate(AbstractQueryImpl.java:70)
	at org.fastnate.generator.test.SqlEmWriter.write(SqlEmWriter.java:49)
	at java.io.Writer.write(Writer.java:192)
	at java.io.Writer.write(Writer.java:157)
	at org.fastnate.generator.EntitySqlGenerator.writeStatement(EntitySqlGenerator.java:268)
	at org.fastnate.generator.EntitySqlGenerator.writeInserts(EntitySqlGenerator.java:239)
	at org.fastnate.generator.EntitySqlGenerator.write(EntitySqlGenerator.java:162)
	at org.fastnate.generator.EntitySqlGenerator.write(EntitySqlGenerator.java:136)
	at org.fastnate.generator.test.AbstractEntitySqlGeneratorTest.write(AbstractEntitySqlGeneratorTest.java:155)
	at org.fastnate.generator.test.primitive.PrimitiveEntityTest.testLobs(PrimitiveEntityTest.java:58)
	at sun.reflect.NativeMethodAccessorImpl.invoke0(Native Method)
	at sun.reflect.NativeMethodAccessorImpl.invoke(NativeMethodAccessorImpl.java:62)
	at sun.reflect.DelegatingMethodAccessorImpl.invoke(DelegatingMethodAccessorImpl.java:43)
	at java.lang.reflect.Method.invoke(Method.java:498)
	at org.junit.runners.model.FrameworkMethod$1.runReflectiveCall(FrameworkMethod.java:50)
	at org.junit.internal.runners.model.ReflectiveCallable.run(ReflectiveCallable.java:12)
	at org.junit.runners.model.FrameworkMethod.invokeExplosively(FrameworkMethod.java:47)
	at org.junit.internal.runners.statements.InvokeMethod.evaluate(InvokeMethod.java:17)
	at org.junit.internal.runners.statements.RunBefores.evaluate(RunBefores.java:26)
	at org.junit.internal.runners.statements.RunAfters.evaluate(RunAfters.java:27)
	at org.junit.runners.ParentRunner.runLeaf(ParentRunner.java:325)
	at org.junit.runners.BlockJUnit4ClassRunner.runChild(BlockJUnit4ClassRunner.java:78)
	at org.junit.runners.BlockJUnit4ClassRunner.runChild(BlockJUnit4ClassRunner.java:57)
	at org.junit.runners.ParentRunner$3.run(ParentRunner.java:290)
	at org.junit.runners.ParentRunner$1.schedule(ParentRunner.java:71)
	at org.junit.runners.ParentRunner.runChildren(ParentRunner.java:288)
	at org.junit.runners.ParentRunner.access$000(ParentRunner.java:58)
	at org.junit.runners.ParentRunner$2.evaluate(ParentRunner.java:268)
	at org.junit.runners.ParentRunner.run(ParentRunner.java:363)
	at org.gradle.api.internal.tasks.testing.junit.JUnitTestClassExecuter.runTestClass(JUnitTestClassExecuter.java:114)
	at org.gradle.api.internal.tasks.testing.junit.JUnitTestClassExecuter.execute(JUnitTestClassExecuter.java:57)
	at org.gradle.api.internal.tasks.testing.junit.JUnitTestClassProcessor.processTestClass(JUnitTestClassProcessor.java:66)
	at org.gradle.api.internal.tasks.testing.SuiteTestClassProcessor.processTestClass(SuiteTestClassProcessor.java:51)
	at sun.reflect.NativeMethodAccessorImpl.invoke0(Native Method)
	at sun.reflect.NativeMethodAccessorImpl.invoke(NativeMethodAccessorImpl.java:62)
	at sun.reflect.DelegatingMethodAccessorImpl.invoke(DelegatingMethodAccessorImpl.java:43)
	at java.lang.reflect.Method.invoke(Method.java:498)
	at org.gradle.internal.dispatch.ReflectionDispatch.dispatch(ReflectionDispatch.java:35)
	at org.gradle.internal.dispatch.ReflectionDispatch.dispatch(ReflectionDispatch.java:24)
	at org.gradle.internal.dispatch.ContextClassLoaderDispatch.dispatch(ContextClassLoaderDispatch.java:32)
	at org.gradle.internal.dispatch.ProxyDispatchAdapter$DispatchingInvocationHandler.invoke(ProxyDispatchAdapter.java:93)
	at com.sun.proxy.$Proxy2.processTestClass(Unknown Source)
	at org.gradle.api.internal.tasks.testing.worker.TestWorker.processTestClass(TestWorker.java:109)
	at sun.reflect.NativeMethodAccessorImpl.invoke0(Native Method)
	at sun.reflect.NativeMethodAccessorImpl.invoke(NativeMethodAccessorImpl.java:62)
	at sun.reflect.DelegatingMethodAccessorImpl.invoke(DelegatingMethodAccessorImpl.java:43)
	at java.lang.reflect.Method.invoke(Method.java:498)
	at org.gradle.internal.dispatch.ReflectionDispatch.dispatch(ReflectionDispatch.java:35)
	at org.gradle.internal.dispatch.ReflectionDispatch.dispatch(ReflectionDispatch.java:24)
	at org.gradle.internal.remote.internal.hub.MessageHub$Handler.run(MessageHub.java:377)
	at org.gradle.internal.concurrent.ExecutorPolicy$CatchAndRecordFailures.onExecute(ExecutorPolicy.java:54)
	at org.gradle.internal.concurrent.StoppableExecutorImpl$1.run(StoppableExecutorImpl.java:40)
	at java.util.concurrent.ThreadPoolExecutor.runWorker(ThreadPoolExecutor.java:1142)
	at java.util.concurrent.ThreadPoolExecutor$Worker.run(ThreadPoolExecutor.java:617)
	at java.lang.Thread.run(Thread.java:745)
Caused by: org.hibernate.exception.SQLGrammarException: could not prepare statement
	at org.hibernate.exception.internal.SQLStateConversionDelegate.convert(SQLStateConversionDelegate.java:106)
	at org.hibernate.exception.internal.StandardSQLExceptionConverter.convert(StandardSQLExceptionConverter.java:42)
	at org.hibernate.engine.jdbc.spi.SqlExceptionHelper.convert(SqlExceptionHelper.java:109)
	at org.hibernate.engine.jdbc.internal.StatementPreparerImpl$StatementPreparationTemplate.prepareStatement(StatementPreparerImpl.java:182)
	at org.hibernate.engine.jdbc.internal.StatementPreparerImpl.prepareStatement(StatementPreparerImpl.java:78)
	at org.hibernate.engine.query.spi.NativeSQLQueryPlan.performExecuteUpdate(NativeSQLQueryPlan.java:188)
	at org.hibernate.internal.SessionImpl.executeNativeUpdate(SessionImpl.java:1373)
	at org.hibernate.internal.SQLQueryImpl.executeUpdate(SQLQueryImpl.java:373)
	at org.hibernate.jpa.internal.QueryImpl.internalExecuteUpdate(QueryImpl.java:405)
	at org.hibernate.jpa.spi.AbstractQueryImpl.executeUpdate(AbstractQueryImpl.java:61)
	... 54 more
Caused by: org.h2.jdbc.JdbcSQLException: Table &quot;PRIMITIVETESTENTITY&quot; not found; SQL statement:
INSERT INTO PrimitiveTestEntity (id, lobBytes, lobChars, name, testBoolean, testByte, testChar, testDouble, testFloat, testInt, testLong, testShort) VALUES (1, '01020304050607090D0A080C27204279746573', 'Many ' || CHR(13) || CHR(10) || ' Characters', 'Test Lobs', 0, 0, 'x', 0.0, 0.0, 0, 0, 0) [42102-192]
	at org.h2.message.DbException.getJdbcSQLException(DbException.java:345)
	at org.h2.message.DbException.get(DbException.java:179)
	at org.h2.message.DbException.get(DbException.java:155)
	at org.h2.command.Parser.readTableOrView(Parser.java:5388)
	at org.h2.command.Parser.readTableOrView(Parser.java:5365)
	at org.h2.command.Parser.parseInsert(Parser.java:1053)
	at org.h2.command.Parser.parsePrepared(Parser.java:413)
	at org.h2.command.Parser.parse(Parser.java:317)
	at org.h2.command.Parser.parse(Parser.java:289)
	at org.h2.command.Parser.prepareCommand(Parser.java:254)
	at org.h2.engine.Session.prepareLocal(Session.java:560)
	at org.h2.engine.Session.prepareCommand(Session.java:501)
	at org.h2.jdbc.JdbcConnection.prepareCommand(JdbcConnection.java:1202)
	at org.h2.jdbc.JdbcPreparedStatement.&lt;init&gt;(JdbcPreparedStatement.java:73)
	at org.h2.jdbc.JdbcConnection.prepareStatement(JdbcConnection.java:290)
	at org.hibernate.engine.jdbc.internal.StatementPreparerImpl$1.doPrepare(StatementPreparerImpl.java:87)
	at org.hibernate.engine.jdbc.internal.StatementPreparerImpl$StatementPreparationTemplate.prepareStatement(StatementPreparerImpl.java:172)
	... 60 more
</failure>
  </testcase>
  <testcase name="testPrimitiveProperties" classname="org.fastnate.generator.test.primitive.PrimitiveEntityTest" time="0.019">
    <failure message="javax.persistence.PersistenceException: org.hibernate.exception.SQLGrammarException: could not prepare statement" type="javax.persistence.PersistenceException">javax.persistence.PersistenceException: org.hibernate.exception.SQLGrammarException: could not prepare statement
	at org.hibernate.jpa.spi.AbstractEntityManagerImpl.convert(AbstractEntityManagerImpl.java:1692)
	at org.hibernate.jpa.spi.AbstractEntityManagerImpl.convert(AbstractEntityManagerImpl.java:1602)
	at org.hibernate.jpa.spi.AbstractEntityManagerImpl.throwPersistenceException(AbstractEntityManagerImpl.java:1700)
	at org.hibernate.jpa.spi.AbstractQueryImpl.executeUpdate(AbstractQueryImpl.java:70)
	at org.fastnate.generator.test.SqlEmWriter.write(SqlEmWriter.java:49)
	at java.io.Writer.write(Writer.java:192)
	at java.io.Writer.write(Writer.java:157)
	at org.fastnate.generator.EntitySqlGenerator.writeStatement(EntitySqlGenerator.java:268)
	at org.fastnate.generator.EntitySqlGenerator.writeInserts(EntitySqlGenerator.java:239)
	at org.fastnate.generator.EntitySqlGenerator.write(EntitySqlGenerator.java:162)
	at org.fastnate.generator.EntitySqlGenerator.write(EntitySqlGenerator.java:136)
	at org.fastnate.generator.test.AbstractEntitySqlGeneratorTest.write(AbstractEntitySqlGeneratorTest.java:155)
	at org.fastnate.generator.test.primitive.PrimitiveEntityTest.testPrimitiveProperties(PrimitiveEntityTest.java:93)
	at sun.reflect.NativeMethodAccessorImpl.invoke0(Native Method)
	at sun.reflect.NativeMethodAccessorImpl.invoke(NativeMethodAccessorImpl.java:62)
	at sun.reflect.DelegatingMethodAccessorImpl.invoke(DelegatingMethodAccessorImpl.java:43)
	at java.lang.reflect.Method.invoke(Method.java:498)
	at org.junit.runners.model.FrameworkMethod$1.runReflectiveCall(FrameworkMethod.java:50)
	at org.junit.internal.runners.model.ReflectiveCallable.run(ReflectiveCallable.java:12)
	at org.junit.runners.model.FrameworkMethod.invokeExplosively(FrameworkMethod.java:47)
	at org.junit.internal.runners.statements.InvokeMethod.evaluate(InvokeMethod.java:17)
	at org.junit.internal.runners.statements.RunBefores.evaluate(RunBefores.java:26)
	at org.junit.internal.runners.statements.RunAfters.evaluate(RunAfters.java:27)
	at org.junit.runners.ParentRunner.runLeaf(ParentRunner.java:325)
	at org.junit.runners.BlockJUnit4ClassRunner.runChild(BlockJUnit4ClassRunner.java:78)
	at org.junit.runners.BlockJUnit4ClassRunner.runChild(BlockJUnit4ClassRunner.java:57)
	at org.junit.runners.ParentRunner$3.run(ParentRunner.java:290)
	at org.junit.runners.ParentRunner$1.schedule(ParentRunner.java:71)
	at org.junit.runners.ParentRunner.runChildren(ParentRunner.java:288)
	at org.junit.runners.ParentRunner.access$000(ParentRunner.java:58)
	at org.junit.runners.ParentRunner$2.evaluate(ParentRunner.java:268)
	at org.junit.runners.ParentRunner.run(ParentRunner.java:363)
	at org.gradle.api.internal.tasks.testing.junit.JUnitTestClassExecuter.runTestClass(JUnitTestClassExecuter.java:114)
	at org.gradle.api.internal.tasks.testing.junit.JUnitTestClassExecuter.execute(JUnitTestClassExecuter.java:57)
	at org.gradle.api.internal.tasks.testing.junit.JUnitTestClassProcessor.processTestClass(JUnitTestClassProcessor.java:66)
	at org.gradle.api.internal.tasks.testing.SuiteTestClassProcessor.processTestClass(SuiteTestClassProcessor.java:51)
	at sun.reflect.NativeMethodAccessorImpl.invoke0(Native Method)
	at sun.reflect.NativeMethodAccessorImpl.invoke(NativeMethodAccessorImpl.java:62)
	at sun.reflect.DelegatingMethodAccessorImpl.invoke(DelegatingMethodAccessorImpl.java:43)
	at java.lang.reflect.Method.invoke(Method.java:498)
	at org.gradle.internal.dispatch.ReflectionDispatch.dispatch(ReflectionDispatch.java:35)
	at org.gradle.internal.dispatch.ReflectionDispatch.dispatch(ReflectionDispatch.java:24)
	at org.gradle.internal.dispatch.ContextClassLoaderDispatch.dispatch(ContextClassLoaderDispatch.java:32)
	at org.gradle.internal.dispatch.ProxyDispatchAdapter$DispatchingInvocationHandler.invoke(ProxyDispatchAdapter.java:93)
	at com.sun.proxy.$Proxy2.processTestClass(Unknown Source)
	at org.gradle.api.internal.tasks.testing.worker.TestWorker.processTestClass(TestWorker.java:109)
	at sun.reflect.NativeMethodAccessorImpl.invoke0(Native Method)
	at sun.reflect.NativeMethodAccessorImpl.invoke(NativeMethodAccessorImpl.java:62)
	at sun.reflect.DelegatingMethodAccessorImpl.invoke(DelegatingMethodAccessorImpl.java:43)
	at java.lang.reflect.Method.invoke(Method.java:498)
	at org.gradle.internal.dispatch.ReflectionDispatch.dispatch(ReflectionDispatch.java:35)
	at org.gradle.internal.dispatch.ReflectionDispatch.dispatch(ReflectionDispatch.java:24)
	at org.gradle.internal.remote.internal.hub.MessageHub$Handler.run(MessageHub.java:377)
	at org.gradle.internal.concurrent.ExecutorPolicy$CatchAndRecordFailures.onExecute(ExecutorPolicy.java:54)
	at org.gradle.internal.concurrent.StoppableExecutorImpl$1.run(StoppableExecutorImpl.java:40)
	at java.util.concurrent.ThreadPoolExecutor.runWorker(ThreadPoolExecutor.java:1142)
	at java.util.concurrent.ThreadPoolExecutor$Worker.run(ThreadPoolExecutor.java:617)
	at java.lang.Thread.run(Thread.java:745)
Caused by: org.hibernate.exception.SQLGrammarException: could not prepare statement
	at org.hibernate.exception.internal.SQLStateConversionDelegate.convert(SQLStateConversionDelegate.java:106)
	at org.hibernate.exception.internal.StandardSQLExceptionConverter.convert(StandardSQLExceptionConverter.java:42)
	at org.hibernate.engine.jdbc.spi.SqlExceptionHelper.convert(SqlExceptionHelper.java:109)
	at org.hibernate.engine.jdbc.internal.StatementPreparerImpl$StatementPreparationTemplate.prepareStatement(StatementPreparerImpl.java:182)
	at org.hibernate.engine.jdbc.internal.StatementPreparerImpl.prepareStatement(StatementPreparerImpl.java:78)
	at org.hibernate.engine.query.spi.NativeSQLQueryPlan.performExecuteUpdate(NativeSQLQueryPlan.java:188)
	at org.hibernate.internal.SessionImpl.executeNativeUpdate(SessionImpl.java:1373)
	at org.hibernate.internal.SQLQueryImpl.executeUpdate(SQLQueryImpl.java:373)
	at org.hibernate.jpa.internal.QueryImpl.internalExecuteUpdate(QueryImpl.java:405)
	at org.hibernate.jpa.spi.AbstractQueryImpl.executeUpdate(AbstractQueryImpl.java:61)
	... 54 more
Caused by: org.h2.jdbc.JdbcSQLException: Table &quot;PRIMITIVETESTENTITY&quot; not found; SQL statement:
INSERT INTO PrimitiveTestEntity (id, description, name, testBoolean, testByte, testChar, testDouble, testFloat, testInt, testLong, testShort) VALUES (1, 'Test all primitive values and ''escaping''.' || CHR(10) || '	' || CHR(13) || CHR(8) || '&quot;New line&quot;.''', 'Test Primitives', 1, -128, '''', -0.9876543210987654, -0.9876543, -2147483648, -9223372036854775808, -32768) [42102-192]
	at org.h2.message.DbException.getJdbcSQLException(DbException.java:345)
	at org.h2.message.DbException.get(DbException.java:179)
	at org.h2.message.DbException.get(DbException.java:155)
	at org.h2.command.Parser.readTableOrView(Parser.java:5388)
	at org.h2.command.Parser.readTableOrView(Parser.java:5365)
	at org.h2.command.Parser.parseInsert(Parser.java:1053)
	at org.h2.command.Parser.parsePrepared(Parser.java:413)
	at org.h2.command.Parser.parse(Parser.java:317)
	at org.h2.command.Parser.parse(Parser.java:289)
	at org.h2.command.Parser.prepareCommand(Parser.java:254)
	at org.h2.engine.Session.prepareLocal(Session.java:560)
	at org.h2.engine.Session.prepareCommand(Session.java:501)
	at org.h2.jdbc.JdbcConnection.prepareCommand(JdbcConnection.java:1202)
	at org.h2.jdbc.JdbcPreparedStatement.&lt;init&gt;(JdbcPreparedStatement.java:73)
	at org.h2.jdbc.JdbcConnection.prepareStatement(JdbcConnection.java:290)
	at org.hibernate.engine.jdbc.internal.StatementPreparerImpl$1.doPrepare(StatementPreparerImpl.java:87)
	at org.hibernate.engine.jdbc.internal.StatementPreparerImpl$StatementPreparationTemplate.prepareStatement(StatementPreparerImpl.java:172)
	... 60 more
</failure>
  </testcase>
  <testcase name="testSerializableProperties" classname="org.fastnate.generator.test.primitive.PrimitiveEntityTest" time="0.023">
    <failure message="javax.persistence.PersistenceException: org.hibernate.exception.SQLGrammarException: could not prepare statement" type="javax.persistence.PersistenceException">javax.persistence.PersistenceException: org.hibernate.exception.SQLGrammarException: could not prepare statement
	at org.hibernate.jpa.spi.AbstractEntityManagerImpl.convert(AbstractEntityManagerImpl.java:1692)
	at org.hibernate.jpa.spi.AbstractEntityManagerImpl.convert(AbstractEntityManagerImpl.java:1602)
	at org.hibernate.jpa.spi.AbstractEntityManagerImpl.throwPersistenceException(AbstractEntityManagerImpl.java:1700)
	at org.hibernate.jpa.spi.AbstractQueryImpl.executeUpdate(AbstractQueryImpl.java:70)
	at org.fastnate.generator.test.SqlEmWriter.write(SqlEmWriter.java:49)
	at java.io.Writer.write(Writer.java:192)
	at java.io.Writer.write(Writer.java:157)
	at org.fastnate.generator.EntitySqlGenerator.writeStatement(EntitySqlGenerator.java:268)
	at org.fastnate.generator.EntitySqlGenerator.writeInserts(EntitySqlGenerator.java:239)
	at org.fastnate.generator.EntitySqlGenerator.write(EntitySqlGenerator.java:162)
	at org.fastnate.generator.EntitySqlGenerator.write(EntitySqlGenerator.java:136)
	at org.fastnate.generator.test.AbstractEntitySqlGeneratorTest.write(AbstractEntitySqlGeneratorTest.java:155)
	at org.fastnate.generator.test.primitive.PrimitiveEntityTest.testSerializableProperties(PrimitiveEntityTest.java:122)
	at sun.reflect.NativeMethodAccessorImpl.invoke0(Native Method)
	at sun.reflect.NativeMethodAccessorImpl.invoke(NativeMethodAccessorImpl.java:62)
	at sun.reflect.DelegatingMethodAccessorImpl.invoke(DelegatingMethodAccessorImpl.java:43)
	at java.lang.reflect.Method.invoke(Method.java:498)
	at org.junit.runners.model.FrameworkMethod$1.runReflectiveCall(FrameworkMethod.java:50)
	at org.junit.internal.runners.model.ReflectiveCallable.run(ReflectiveCallable.java:12)
	at org.junit.runners.model.FrameworkMethod.invokeExplosively(FrameworkMethod.java:47)
	at org.junit.internal.runners.statements.InvokeMethod.evaluate(InvokeMethod.java:17)
	at org.junit.internal.runners.statements.RunBefores.evaluate(RunBefores.java:26)
	at org.junit.internal.runners.statements.RunAfters.evaluate(RunAfters.java:27)
	at org.junit.runners.ParentRunner.runLeaf(ParentRunner.java:325)
	at org.junit.runners.BlockJUnit4ClassRunner.runChild(BlockJUnit4ClassRunner.java:78)
	at org.junit.runners.BlockJUnit4ClassRunner.runChild(BlockJUnit4ClassRunner.java:57)
	at org.junit.runners.ParentRunner$3.run(ParentRunner.java:290)
	at org.junit.runners.ParentRunner$1.schedule(ParentRunner.java:71)
	at org.junit.runners.ParentRunner.runChildren(ParentRunner.java:288)
	at org.junit.runners.ParentRunner.access$000(ParentRunner.java:58)
	at org.junit.runners.ParentRunner$2.evaluate(ParentRunner.java:268)
	at org.junit.runners.ParentRunner.run(ParentRunner.java:363)
	at org.gradle.api.internal.tasks.testing.junit.JUnitTestClassExecuter.runTestClass(JUnitTestClassExecuter.java:114)
	at org.gradle.api.internal.tasks.testing.junit.JUnitTestClassExecuter.execute(JUnitTestClassExecuter.java:57)
	at org.gradle.api.internal.tasks.testing.junit.JUnitTestClassProcessor.processTestClass(JUnitTestClassProcessor.java:66)
	at org.gradle.api.internal.tasks.testing.SuiteTestClassProcessor.processTestClass(SuiteTestClassProcessor.java:51)
	at sun.reflect.NativeMethodAccessorImpl.invoke0(Native Method)
	at sun.reflect.NativeMethodAccessorImpl.invoke(NativeMethodAccessorImpl.java:62)
	at sun.reflect.DelegatingMethodAccessorImpl.invoke(DelegatingMethodAccessorImpl.java:43)
	at java.lang.reflect.Method.invoke(Method.java:498)
	at org.gradle.internal.dispatch.ReflectionDispatch.dispatch(ReflectionDispatch.java:35)
	at org.gradle.internal.dispatch.ReflectionDispatch.dispatch(ReflectionDispatch.java:24)
	at org.gradle.internal.dispatch.ContextClassLoaderDispatch.dispatch(ContextClassLoaderDispatch.java:32)
	at org.gradle.internal.dispatch.ProxyDispatchAdapter$DispatchingInvocationHandler.invoke(ProxyDispatchAdapter.java:93)
	at com.sun.proxy.$Proxy2.processTestClass(Unknown Source)
	at org.gradle.api.internal.tasks.testing.worker.TestWorker.processTestClass(TestWorker.java:109)
	at sun.reflect.NativeMethodAccessorImpl.invoke0(Native Method)
	at sun.reflect.NativeMethodAccessorImpl.invoke(NativeMethodAccessorImpl.java:62)
	at sun.reflect.DelegatingMethodAccessorImpl.invoke(DelegatingMethodAccessorImpl.java:43)
	at java.lang.reflect.Method.invoke(Method.java:498)
	at org.gradle.internal.dispatch.ReflectionDispatch.dispatch(ReflectionDispatch.java:35)
	at org.gradle.internal.dispatch.ReflectionDispatch.dispatch(ReflectionDispatch.java:24)
	at org.gradle.internal.remote.internal.hub.MessageHub$Handler.run(MessageHub.java:377)
	at org.gradle.internal.concurrent.ExecutorPolicy$CatchAndRecordFailures.onExecute(ExecutorPolicy.java:54)
	at org.gradle.internal.concurrent.StoppableExecutorImpl$1.run(StoppableExecutorImpl.java:40)
	at java.util.concurrent.ThreadPoolExecutor.runWorker(ThreadPoolExecutor.java:1142)
	at java.util.concurrent.ThreadPoolExecutor$Worker.run(ThreadPoolExecutor.java:617)
	at java.lang.Thread.run(Thread.java:745)
Caused by: org.hibernate.exception.SQLGrammarException: could not prepare statement
	at org.hibernate.exception.internal.SQLStateConversionDelegate.convert(SQLStateConversionDelegate.java:106)
	at org.hibernate.exception.internal.StandardSQLExceptionConverter.convert(StandardSQLExceptionConverter.java:42)
	at org.hibernate.engine.jdbc.spi.SqlExceptionHelper.convert(SqlExceptionHelper.java:109)
	at org.hibernate.engine.jdbc.internal.StatementPreparerImpl$StatementPreparationTemplate.prepareStatement(StatementPreparerImpl.java:182)
	at org.hibernate.engine.jdbc.internal.StatementPreparerImpl.prepareStatement(StatementPreparerImpl.java:78)
	at org.hibernate.engine.query.spi.NativeSQLQueryPlan.performExecuteUpdate(NativeSQLQueryPlan.java:188)
	at org.hibernate.internal.SessionImpl.executeNativeUpdate(SessionImpl.java:1373)
	at org.hibernate.internal.SQLQueryImpl.executeUpdate(SQLQueryImpl.java:373)
	at org.hibernate.jpa.internal.QueryImpl.internalExecuteUpdate(QueryImpl.java:405)
	at org.hibernate.jpa.spi.AbstractQueryImpl.executeUpdate(AbstractQueryImpl.java:61)
	... 54 more
Caused by: org.h2.jdbc.JdbcSQLException: Table &quot;PRIMITIVETESTENTITY&quot; not found; SQL statement:
INSERT INTO PrimitiveTestEntity (id, name, serializale, testBoolean, testByte, testChar, testDouble, testFloat, testInt, testLong, testShort) VALUES (1, 'Test Serializables', 'ACED00057372003C6F72672E666173746E6174652E67656E657261746F722E746573742E7072696D69746976652E53657269616C697A61626C65546573744F626A656374000000000000000102000249000B696E7450726F70657274794C000E737472696E6750726F70657274797400124C6A6176612F6C616E672F537472696E673B78700000000274000E737472696E6750726F7065727479', 0, 0, 'x', 0.0, 0.0, 0, 0, 0) [42102-192]
	at org.h2.message.DbException.getJdbcSQLException(DbException.java:345)
	at org.h2.message.DbException.get(DbException.java:179)
	at org.h2.message.DbException.get(DbException.java:155)
	at org.h2.command.Parser.readTableOrView(Parser.java:5388)
	at org.h2.command.Parser.readTableOrView(Parser.java:5365)
	at org.h2.command.Parser.parseInsert(Parser.java:1053)
	at org.h2.command.Parser.parsePrepared(Parser.java:413)
	at org.h2.command.Parser.parse(Parser.java:317)
	at org.h2.command.Parser.parse(Parser.java:289)
	at org.h2.command.Parser.prepareCommand(Parser.java:254)
	at org.h2.engine.Session.prepareLocal(Session.java:560)
	at org.h2.engine.Session.prepareCommand(Session.java:501)
	at org.h2.jdbc.JdbcConnection.prepareCommand(JdbcConnection.java:1202)
	at org.h2.jdbc.JdbcPreparedStatement.&lt;init&gt;(JdbcPreparedStatement.java:73)
	at org.h2.jdbc.JdbcConnection.prepareStatement(JdbcConnection.java:290)
	at org.hibernate.engine.jdbc.internal.StatementPreparerImpl$1.doPrepare(StatementPreparerImpl.java:87)
	at org.hibernate.engine.jdbc.internal.StatementPreparerImpl$StatementPreparationTemplate.prepareStatement(StatementPreparerImpl.java:172)
	... 60 more
</failure>
  </testcase>
  <testcase name="testTransientProperties" classname="org.fastnate.generator.test.primitive.PrimitiveEntityTest" time="0.022">
    <failure message="javax.persistence.PersistenceException: org.hibernate.exception.SQLGrammarException: could not prepare statement" type="javax.persistence.PersistenceException">javax.persistence.PersistenceException: org.hibernate.exception.SQLGrammarException: could not prepare statement
	at org.hibernate.jpa.spi.AbstractEntityManagerImpl.convert(AbstractEntityManagerImpl.java:1692)
	at org.hibernate.jpa.spi.AbstractEntityManagerImpl.convert(AbstractEntityManagerImpl.java:1602)
	at org.hibernate.jpa.spi.AbstractEntityManagerImpl.throwPersistenceException(AbstractEntityManagerImpl.java:1700)
	at org.hibernate.jpa.spi.AbstractQueryImpl.executeUpdate(AbstractQueryImpl.java:70)
	at org.fastnate.generator.test.SqlEmWriter.write(SqlEmWriter.java:49)
	at java.io.Writer.write(Writer.java:192)
	at java.io.Writer.write(Writer.java:157)
	at org.fastnate.generator.EntitySqlGenerator.writeStatement(EntitySqlGenerator.java:268)
	at org.fastnate.generator.EntitySqlGenerator.writeInserts(EntitySqlGenerator.java:239)
	at org.fastnate.generator.EntitySqlGenerator.write(EntitySqlGenerator.java:162)
	at org.fastnate.generator.EntitySqlGenerator.write(EntitySqlGenerator.java:136)
	at org.fastnate.generator.test.AbstractEntitySqlGeneratorTest.write(AbstractEntitySqlGeneratorTest.java:155)
	at org.fastnate.generator.test.primitive.PrimitiveEntityTest.testTransientProperties(PrimitiveEntityTest.java:178)
	at sun.reflect.NativeMethodAccessorImpl.invoke0(Native Method)
	at sun.reflect.NativeMethodAccessorImpl.invoke(NativeMethodAccessorImpl.java:62)
	at sun.reflect.DelegatingMethodAccessorImpl.invoke(DelegatingMethodAccessorImpl.java:43)
	at java.lang.reflect.Method.invoke(Method.java:498)
	at org.junit.runners.model.FrameworkMethod$1.runReflectiveCall(FrameworkMethod.java:50)
	at org.junit.internal.runners.model.ReflectiveCallable.run(ReflectiveCallable.java:12)
	at org.junit.runners.model.FrameworkMethod.invokeExplosively(FrameworkMethod.java:47)
	at org.junit.internal.runners.statements.InvokeMethod.evaluate(InvokeMethod.java:17)
	at org.junit.internal.runners.statements.RunBefores.evaluate(RunBefores.java:26)
	at org.junit.internal.runners.statements.RunAfters.evaluate(RunAfters.java:27)
	at org.junit.runners.ParentRunner.runLeaf(ParentRunner.java:325)
	at org.junit.runners.BlockJUnit4ClassRunner.runChild(BlockJUnit4ClassRunner.java:78)
	at org.junit.runners.BlockJUnit4ClassRunner.runChild(BlockJUnit4ClassRunner.java:57)
	at org.junit.runners.ParentRunner$3.run(ParentRunner.java:290)
	at org.junit.runners.ParentRunner$1.schedule(ParentRunner.java:71)
	at org.junit.runners.ParentRunner.runChildren(ParentRunner.java:288)
	at org.junit.runners.ParentRunner.access$000(ParentRunner.java:58)
	at org.junit.runners.ParentRunner$2.evaluate(ParentRunner.java:268)
	at org.junit.runners.ParentRunner.run(ParentRunner.java:363)
	at org.gradle.api.internal.tasks.testing.junit.JUnitTestClassExecuter.runTestClass(JUnitTestClassExecuter.java:114)
	at org.gradle.api.internal.tasks.testing.junit.JUnitTestClassExecuter.execute(JUnitTestClassExecuter.java:57)
	at org.gradle.api.internal.tasks.testing.junit.JUnitTestClassProcessor.processTestClass(JUnitTestClassProcessor.java:66)
	at org.gradle.api.internal.tasks.testing.SuiteTestClassProcessor.processTestClass(SuiteTestClassProcessor.java:51)
	at sun.reflect.NativeMethodAccessorImpl.invoke0(Native Method)
	at sun.reflect.NativeMethodAccessorImpl.invoke(NativeMethodAccessorImpl.java:62)
	at sun.reflect.DelegatingMethodAccessorImpl.invoke(DelegatingMethodAccessorImpl.java:43)
	at java.lang.reflect.Method.invoke(Method.java:498)
	at org.gradle.internal.dispatch.ReflectionDispatch.dispatch(ReflectionDispatch.java:35)
	at org.gradle.internal.dispatch.ReflectionDispatch.dispatch(ReflectionDispatch.java:24)
	at org.gradle.internal.dispatch.ContextClassLoaderDispatch.dispatch(ContextClassLoaderDispatch.java:32)
	at org.gradle.internal.dispatch.ProxyDispatchAdapter$DispatchingInvocationHandler.invoke(ProxyDispatchAdapter.java:93)
	at com.sun.proxy.$Proxy2.processTestClass(Unknown Source)
	at org.gradle.api.internal.tasks.testing.worker.TestWorker.processTestClass(TestWorker.java:109)
	at sun.reflect.NativeMethodAccessorImpl.invoke0(Native Method)
	at sun.reflect.NativeMethodAccessorImpl.invoke(NativeMethodAccessorImpl.java:62)
	at sun.reflect.DelegatingMethodAccessorImpl.invoke(DelegatingMethodAccessorImpl.java:43)
	at java.lang.reflect.Method.invoke(Method.java:498)
	at org.gradle.internal.dispatch.ReflectionDispatch.dispatch(ReflectionDispatch.java:35)
	at org.gradle.internal.dispatch.ReflectionDispatch.dispatch(ReflectionDispatch.java:24)
	at org.gradle.internal.remote.internal.hub.MessageHub$Handler.run(MessageHub.java:377)
	at org.gradle.internal.concurrent.ExecutorPolicy$CatchAndRecordFailures.onExecute(ExecutorPolicy.java:54)
	at org.gradle.internal.concurrent.StoppableExecutorImpl$1.run(StoppableExecutorImpl.java:40)
	at java.util.concurrent.ThreadPoolExecutor.runWorker(ThreadPoolExecutor.java:1142)
	at java.util.concurrent.ThreadPoolExecutor$Worker.run(ThreadPoolExecutor.java:617)
	at java.lang.Thread.run(Thread.java:745)
Caused by: org.hibernate.exception.SQLGrammarException: could not prepare statement
	at org.hibernate.exception.internal.SQLStateConversionDelegate.convert(SQLStateConversionDelegate.java:106)
	at org.hibernate.exception.internal.StandardSQLExceptionConverter.convert(StandardSQLExceptionConverter.java:42)
	at org.hibernate.engine.jdbc.spi.SqlExceptionHelper.convert(SqlExceptionHelper.java:109)
	at org.hibernate.engine.jdbc.internal.StatementPreparerImpl$StatementPreparationTemplate.prepareStatement(StatementPreparerImpl.java:182)
	at org.hibernate.engine.jdbc.internal.StatementPreparerImpl.prepareStatement(StatementPreparerImpl.java:78)
	at org.hibernate.engine.query.spi.NativeSQLQueryPlan.performExecuteUpdate(NativeSQLQueryPlan.java:188)
	at org.hibernate.internal.SessionImpl.executeNativeUpdate(SessionImpl.java:1373)
	at org.hibernate.internal.SQLQueryImpl.executeUpdate(SQLQueryImpl.java:373)
	at org.hibernate.jpa.internal.QueryImpl.internalExecuteUpdate(QueryImpl.java:405)
	at org.hibernate.jpa.spi.AbstractQueryImpl.executeUpdate(AbstractQueryImpl.java:61)
	... 54 more
Caused by: org.h2.jdbc.JdbcSQLException: Table &quot;PRIMITIVETESTENTITY&quot; not found; SQL statement:
INSERT INTO PrimitiveTestEntity (id, name, testBoolean, testByte, testChar, testDouble, testFloat, testInt, testLong, testShort) VALUES (1, 'Test Transients', 0, 0, 'x', 0.0, 0.0, 0, 0, 0) [42102-192]
	at org.h2.message.DbException.getJdbcSQLException(DbException.java:345)
	at org.h2.message.DbException.get(DbException.java:179)
	at org.h2.message.DbException.get(DbException.java:155)
	at org.h2.command.Parser.readTableOrView(Parser.java:5388)
	at org.h2.command.Parser.readTableOrView(Parser.java:5365)
	at org.h2.command.Parser.parseInsert(Parser.java:1053)
	at org.h2.command.Parser.parsePrepared(Parser.java:413)
	at org.h2.command.Parser.parse(Parser.java:317)
	at org.h2.command.Parser.parse(Parser.java:289)
	at org.h2.command.Parser.prepareCommand(Parser.java:254)
	at org.h2.engine.Session.prepareLocal(Session.java:560)
	at org.h2.engine.Session.prepareCommand(Session.java:501)
	at org.h2.jdbc.JdbcConnection.prepareCommand(JdbcConnection.java:1202)
	at org.h2.jdbc.JdbcPreparedStatement.&lt;init&gt;(JdbcPreparedStatement.java:73)
	at org.h2.jdbc.JdbcConnection.prepareStatement(JdbcConnection.java:290)
	at org.hibernate.engine.jdbc.internal.StatementPreparerImpl$1.doPrepare(StatementPreparerImpl.java:87)
	at org.hibernate.engine.jdbc.internal.StatementPreparerImpl$StatementPreparationTemplate.prepareStatement(StatementPreparerImpl.java:172)
	... 60 more
</failure>
  </testcase>
  <testcase name="testTemporalProperties" classname="org.fastnate.generator.test.primitive.PrimitiveEntityTest" time="0.022">
    <failure message="javax.persistence.PersistenceException: org.hibernate.exception.SQLGrammarException: could not prepare statement" type="javax.persistence.PersistenceException">javax.persistence.PersistenceException: org.hibernate.exception.SQLGrammarException: could not prepare statement
	at org.hibernate.jpa.spi.AbstractEntityManagerImpl.convert(AbstractEntityManagerImpl.java:1692)
	at org.hibernate.jpa.spi.AbstractEntityManagerImpl.convert(AbstractEntityManagerImpl.java:1602)
	at org.hibernate.jpa.spi.AbstractEntityManagerImpl.throwPersistenceException(AbstractEntityManagerImpl.java:1700)
	at org.hibernate.jpa.spi.AbstractQueryImpl.executeUpdate(AbstractQueryImpl.java:70)
	at org.fastnate.generator.test.SqlEmWriter.write(SqlEmWriter.java:49)
	at java.io.Writer.write(Writer.java:192)
	at java.io.Writer.write(Writer.java:157)
	at org.fastnate.generator.EntitySqlGenerator.writeStatement(EntitySqlGenerator.java:268)
	at org.fastnate.generator.EntitySqlGenerator.writeInserts(EntitySqlGenerator.java:239)
	at org.fastnate.generator.EntitySqlGenerator.write(EntitySqlGenerator.java:162)
	at org.fastnate.generator.EntitySqlGenerator.write(EntitySqlGenerator.java:136)
	at org.fastnate.generator.test.AbstractEntitySqlGeneratorTest.write(AbstractEntitySqlGeneratorTest.java:155)
	at org.fastnate.generator.test.primitive.PrimitiveEntityTest.testTemporalProperties(PrimitiveEntityTest.java:149)
	at sun.reflect.NativeMethodAccessorImpl.invoke0(Native Method)
	at sun.reflect.NativeMethodAccessorImpl.invoke(NativeMethodAccessorImpl.java:62)
	at sun.reflect.DelegatingMethodAccessorImpl.invoke(DelegatingMethodAccessorImpl.java:43)
	at java.lang.reflect.Method.invoke(Method.java:498)
	at org.junit.runners.model.FrameworkMethod$1.runReflectiveCall(FrameworkMethod.java:50)
	at org.junit.internal.runners.model.ReflectiveCallable.run(ReflectiveCallable.java:12)
	at org.junit.runners.model.FrameworkMethod.invokeExplosively(FrameworkMethod.java:47)
	at org.junit.internal.runners.statements.InvokeMethod.evaluate(InvokeMethod.java:17)
	at org.junit.internal.runners.statements.RunBefores.evaluate(RunBefores.java:26)
	at org.junit.internal.runners.statements.RunAfters.evaluate(RunAfters.java:27)
	at org.junit.runners.ParentRunner.runLeaf(ParentRunner.java:325)
	at org.junit.runners.BlockJUnit4ClassRunner.runChild(BlockJUnit4ClassRunner.java:78)
	at org.junit.runners.BlockJUnit4ClassRunner.runChild(BlockJUnit4ClassRunner.java:57)
	at org.junit.runners.ParentRunner$3.run(ParentRunner.java:290)
	at org.junit.runners.ParentRunner$1.schedule(ParentRunner.java:71)
	at org.junit.runners.ParentRunner.runChildren(ParentRunner.java:288)
	at org.junit.runners.ParentRunner.access$000(ParentRunner.java:58)
	at org.junit.runners.ParentRunner$2.evaluate(ParentRunner.java:268)
	at org.junit.runners.ParentRunner.run(ParentRunner.java:363)
	at org.gradle.api.internal.tasks.testing.junit.JUnitTestClassExecuter.runTestClass(JUnitTestClassExecuter.java:114)
	at org.gradle.api.internal.tasks.testing.junit.JUnitTestClassExecuter.execute(JUnitTestClassExecuter.java:57)
	at org.gradle.api.internal.tasks.testing.junit.JUnitTestClassProcessor.processTestClass(JUnitTestClassProcessor.java:66)
	at org.gradle.api.internal.tasks.testing.SuiteTestClassProcessor.processTestClass(SuiteTestClassProcessor.java:51)
	at sun.reflect.NativeMethodAccessorImpl.invoke0(Native Method)
	at sun.reflect.NativeMethodAccessorImpl.invoke(NativeMethodAccessorImpl.java:62)
	at sun.reflect.DelegatingMethodAccessorImpl.invoke(DelegatingMethodAccessorImpl.java:43)
	at java.lang.reflect.Method.invoke(Method.java:498)
	at org.gradle.internal.dispatch.ReflectionDispatch.dispatch(ReflectionDispatch.java:35)
	at org.gradle.internal.dispatch.ReflectionDispatch.dispatch(ReflectionDispatch.java:24)
	at org.gradle.internal.dispatch.ContextClassLoaderDispatch.dispatch(ContextClassLoaderDispatch.java:32)
	at org.gradle.internal.dispatch.ProxyDispatchAdapter$DispatchingInvocationHandler.invoke(ProxyDispatchAdapter.java:93)
	at com.sun.proxy.$Proxy2.processTestClass(Unknown Source)
	at org.gradle.api.internal.tasks.testing.worker.TestWorker.processTestClass(TestWorker.java:109)
	at sun.reflect.NativeMethodAccessorImpl.invoke0(Native Method)
	at sun.reflect.NativeMethodAccessorImpl.invoke(NativeMethodAccessorImpl.java:62)
	at sun.reflect.DelegatingMethodAccessorImpl.invoke(DelegatingMethodAccessorImpl.java:43)
	at java.lang.reflect.Method.invoke(Method.java:498)
	at org.gradle.internal.dispatch.ReflectionDispatch.dispatch(ReflectionDispatch.java:35)
	at org.gradle.internal.dispatch.ReflectionDispatch.dispatch(ReflectionDispatch.java:24)
	at org.gradle.internal.remote.internal.hub.MessageHub$Handler.run(MessageHub.java:377)
	at org.gradle.internal.concurrent.ExecutorPolicy$CatchAndRecordFailures.onExecute(ExecutorPolicy.java:54)
	at org.gradle.internal.concurrent.StoppableExecutorImpl$1.run(StoppableExecutorImpl.java:40)
	at java.util.concurrent.ThreadPoolExecutor.runWorker(ThreadPoolExecutor.java:1142)
	at java.util.concurrent.ThreadPoolExecutor$Worker.run(ThreadPoolExecutor.java:617)
	at java.lang.Thread.run(Thread.java:745)
Caused by: org.hibernate.exception.SQLGrammarException: could not prepare statement
	at org.hibernate.exception.internal.SQLStateConversionDelegate.convert(SQLStateConversionDelegate.java:106)
	at org.hibernate.exception.internal.StandardSQLExceptionConverter.convert(StandardSQLExceptionConverter.java:42)
	at org.hibernate.engine.jdbc.spi.SqlExceptionHelper.convert(SqlExceptionHelper.java:109)
	at org.hibernate.engine.jdbc.internal.StatementPreparerImpl$StatementPreparationTemplate.prepareStatement(StatementPreparerImpl.java:182)
	at org.hibernate.engine.jdbc.internal.StatementPreparerImpl.prepareStatement(StatementPreparerImpl.java:78)
	at org.hibernate.engine.query.spi.NativeSQLQueryPlan.performExecuteUpdate(NativeSQLQueryPlan.java:188)
	at org.hibernate.internal.SessionImpl.executeNativeUpdate(SessionImpl.java:1373)
	at org.hibernate.internal.SQLQueryImpl.executeUpdate(SQLQueryImpl.java:373)
	at org.hibernate.jpa.internal.QueryImpl.internalExecuteUpdate(QueryImpl.java:405)
	at org.hibernate.jpa.spi.AbstractQueryImpl.executeUpdate(AbstractQueryImpl.java:61)
	... 54 more
Caused by: org.h2.jdbc.JdbcSQLException: Table &quot;PRIMITIVETESTENTITY&quot; not found; SQL statement:
INSERT INTO PrimitiveTestEntity (id, dateColumn, name, testBoolean, testByte, testChar, testDouble, testFloat, testInt, testLong, testShort, timeColumn, timestampColumn) VALUES (1, '1970-01-01', 'Test Temporals', 0, 0, 'x', 0.0, 0.0, 0, 0, 0, '20:00:00', '1970-01-01 20:00:00.0') [42102-192]
	at org.h2.message.DbException.getJdbcSQLException(DbException.java:345)
	at org.h2.message.DbException.get(DbException.java:179)
	at org.h2.message.DbException.get(DbException.java:155)
	at org.h2.command.Parser.readTableOrView(Parser.java:5388)
	at org.h2.command.Parser.readTableOrView(Parser.java:5365)
	at org.h2.command.Parser.parseInsert(Parser.java:1053)
	at org.h2.command.Parser.parsePrepared(Parser.java:413)
	at org.h2.command.Parser.parse(Parser.java:317)
	at org.h2.command.Parser.parse(Parser.java:289)
	at org.h2.command.Parser.prepareCommand(Parser.java:254)
	at org.h2.engine.Session.prepareLocal(Session.java:560)
	at org.h2.engine.Session.prepareCommand(Session.java:501)
	at org.h2.jdbc.JdbcConnection.prepareCommand(JdbcConnection.java:1202)
	at org.h2.jdbc.JdbcPreparedStatement.&lt;init&gt;(JdbcPreparedStatement.java:73)
	at org.h2.jdbc.JdbcConnection.prepareStatement(JdbcConnection.java:290)
	at org.hibernate.engine.jdbc.internal.StatementPreparerImpl$1.doPrepare(StatementPreparerImpl.java:87)
	at org.hibernate.engine.jdbc.internal.StatementPreparerImpl$StatementPreparationTemplate.prepareStatement(StatementPreparerImpl.java:172)
	... 60 more
</failure>
  </testcase>
  <testcase name="testEnumProperties" classname="org.fastnate.generator.test.primitive.PrimitiveEntityTest" time="0.024">
    <failure message="javax.persistence.PersistenceException: org.hibernate.exception.SQLGrammarException: could not prepare statement" type="javax.persistence.PersistenceException">javax.persistence.PersistenceException: org.hibernate.exception.SQLGrammarException: could not prepare statement
	at org.hibernate.jpa.spi.AbstractEntityManagerImpl.convert(AbstractEntityManagerImpl.java:1692)
	at org.hibernate.jpa.spi.AbstractEntityManagerImpl.convert(AbstractEntityManagerImpl.java:1602)
	at org.hibernate.jpa.spi.AbstractEntityManagerImpl.throwPersistenceException(AbstractEntityManagerImpl.java:1700)
	at org.hibernate.jpa.spi.AbstractQueryImpl.executeUpdate(AbstractQueryImpl.java:70)
	at org.fastnate.generator.test.SqlEmWriter.write(SqlEmWriter.java:49)
	at java.io.Writer.write(Writer.java:192)
	at java.io.Writer.write(Writer.java:157)
	at org.fastnate.generator.EntitySqlGenerator.writeStatement(EntitySqlGenerator.java:268)
	at org.fastnate.generator.EntitySqlGenerator.writeInserts(EntitySqlGenerator.java:239)
	at org.fastnate.generator.EntitySqlGenerator.write(EntitySqlGenerator.java:162)
	at org.fastnate.generator.EntitySqlGenerator.write(EntitySqlGenerator.java:136)
	at org.fastnate.generator.test.AbstractEntitySqlGeneratorTest.write(AbstractEntitySqlGeneratorTest.java:155)
	at org.fastnate.generator.test.primitive.PrimitiveEntityTest.testEnumProperties(PrimitiveEntityTest.java:37)
	at sun.reflect.NativeMethodAccessorImpl.invoke0(Native Method)
	at sun.reflect.NativeMethodAccessorImpl.invoke(NativeMethodAccessorImpl.java:62)
	at sun.reflect.DelegatingMethodAccessorImpl.invoke(DelegatingMethodAccessorImpl.java:43)
	at java.lang.reflect.Method.invoke(Method.java:498)
	at org.junit.runners.model.FrameworkMethod$1.runReflectiveCall(FrameworkMethod.java:50)
	at org.junit.internal.runners.model.ReflectiveCallable.run(ReflectiveCallable.java:12)
	at org.junit.runners.model.FrameworkMethod.invokeExplosively(FrameworkMethod.java:47)
	at org.junit.internal.runners.statements.InvokeMethod.evaluate(InvokeMethod.java:17)
	at org.junit.internal.runners.statements.RunBefores.evaluate(RunBefores.java:26)
	at org.junit.internal.runners.statements.RunAfters.evaluate(RunAfters.java:27)
	at org.junit.runners.ParentRunner.runLeaf(ParentRunner.java:325)
	at org.junit.runners.BlockJUnit4ClassRunner.runChild(BlockJUnit4ClassRunner.java:78)
	at org.junit.runners.BlockJUnit4ClassRunner.runChild(BlockJUnit4ClassRunner.java:57)
	at org.junit.runners.ParentRunner$3.run(ParentRunner.java:290)
	at org.junit.runners.ParentRunner$1.schedule(ParentRunner.java:71)
	at org.junit.runners.ParentRunner.runChildren(ParentRunner.java:288)
	at org.junit.runners.ParentRunner.access$000(ParentRunner.java:58)
	at org.junit.runners.ParentRunner$2.evaluate(ParentRunner.java:268)
	at org.junit.runners.ParentRunner.run(ParentRunner.java:363)
	at org.gradle.api.internal.tasks.testing.junit.JUnitTestClassExecuter.runTestClass(JUnitTestClassExecuter.java:114)
	at org.gradle.api.internal.tasks.testing.junit.JUnitTestClassExecuter.execute(JUnitTestClassExecuter.java:57)
	at org.gradle.api.internal.tasks.testing.junit.JUnitTestClassProcessor.processTestClass(JUnitTestClassProcessor.java:66)
	at org.gradle.api.internal.tasks.testing.SuiteTestClassProcessor.processTestClass(SuiteTestClassProcessor.java:51)
	at sun.reflect.NativeMethodAccessorImpl.invoke0(Native Method)
	at sun.reflect.NativeMethodAccessorImpl.invoke(NativeMethodAccessorImpl.java:62)
	at sun.reflect.DelegatingMethodAccessorImpl.invoke(DelegatingMethodAccessorImpl.java:43)
	at java.lang.reflect.Method.invoke(Method.java:498)
	at org.gradle.internal.dispatch.ReflectionDispatch.dispatch(ReflectionDispatch.java:35)
	at org.gradle.internal.dispatch.ReflectionDispatch.dispatch(ReflectionDispatch.java:24)
	at org.gradle.internal.dispatch.ContextClassLoaderDispatch.dispatch(ContextClassLoaderDispatch.java:32)
	at org.gradle.internal.dispatch.ProxyDispatchAdapter$DispatchingInvocationHandler.invoke(ProxyDispatchAdapter.java:93)
	at com.sun.proxy.$Proxy2.processTestClass(Unknown Source)
	at org.gradle.api.internal.tasks.testing.worker.TestWorker.processTestClass(TestWorker.java:109)
	at sun.reflect.NativeMethodAccessorImpl.invoke0(Native Method)
	at sun.reflect.NativeMethodAccessorImpl.invoke(NativeMethodAccessorImpl.java:62)
	at sun.reflect.DelegatingMethodAccessorImpl.invoke(DelegatingMethodAccessorImpl.java:43)
	at java.lang.reflect.Method.invoke(Method.java:498)
	at org.gradle.internal.dispatch.ReflectionDispatch.dispatch(ReflectionDispatch.java:35)
	at org.gradle.internal.dispatch.ReflectionDispatch.dispatch(ReflectionDispatch.java:24)
	at org.gradle.internal.remote.internal.hub.MessageHub$Handler.run(MessageHub.java:377)
	at org.gradle.internal.concurrent.ExecutorPolicy$CatchAndRecordFailures.onExecute(ExecutorPolicy.java:54)
	at org.gradle.internal.concurrent.StoppableExecutorImpl$1.run(StoppableExecutorImpl.java:40)
	at java.util.concurrent.ThreadPoolExecutor.runWorker(ThreadPoolExecutor.java:1142)
	at java.util.concurrent.ThreadPoolExecutor$Worker.run(ThreadPoolExecutor.java:617)
	at java.lang.Thread.run(Thread.java:745)
Caused by: org.hibernate.exception.SQLGrammarException: could not prepare statement
	at org.hibernate.exception.internal.SQLStateConversionDelegate.convert(SQLStateConversionDelegate.java:106)
	at org.hibernate.exception.internal.StandardSQLExceptionConverter.convert(StandardSQLExceptionConverter.java:42)
	at org.hibernate.engine.jdbc.spi.SqlExceptionHelper.convert(SqlExceptionHelper.java:109)
	at org.hibernate.engine.jdbc.internal.StatementPreparerImpl$StatementPreparationTemplate.prepareStatement(StatementPreparerImpl.java:182)
	at org.hibernate.engine.jdbc.internal.StatementPreparerImpl.prepareStatement(StatementPreparerImpl.java:78)
	at org.hibernate.engine.query.spi.NativeSQLQueryPlan.performExecuteUpdate(NativeSQLQueryPlan.java:188)
	at org.hibernate.internal.SessionImpl.executeNativeUpdate(SessionImpl.java:1373)
	at org.hibernate.internal.SQLQueryImpl.executeUpdate(SQLQueryImpl.java:373)
	at org.hibernate.jpa.internal.QueryImpl.internalExecuteUpdate(QueryImpl.java:405)
	at org.hibernate.jpa.spi.AbstractQueryImpl.executeUpdate(AbstractQueryImpl.java:61)
	... 54 more
Caused by: org.h2.jdbc.JdbcSQLException: Table &quot;PRIMITIVETESTENTITY&quot; not found; SQL statement:
INSERT INTO PrimitiveTestEntity (id, name, ordinalEnum, stringEnum, testBoolean, testByte, testChar, testDouble, testFloat, testInt, testLong, testShort) VALUES (1, 'Test Enums', 1, 'two', 0, 0, 'x', 0.0, 0.0, 0, 0, 0) [42102-192]
	at org.h2.message.DbException.getJdbcSQLException(DbException.java:345)
	at org.h2.message.DbException.get(DbException.java:179)
	at org.h2.message.DbException.get(DbException.java:155)
	at org.h2.command.Parser.readTableOrView(Parser.java:5388)
	at org.h2.command.Parser.readTableOrView(Parser.java:5365)
	at org.h2.command.Parser.parseInsert(Parser.java:1053)
	at org.h2.command.Parser.parsePrepared(Parser.java:413)
	at org.h2.command.Parser.parse(Parser.java:317)
	at org.h2.command.Parser.parse(Parser.java:289)
	at org.h2.command.Parser.prepareCommand(Parser.java:254)
	at org.h2.engine.Session.prepareLocal(Session.java:560)
	at org.h2.engine.Session.prepareCommand(Session.java:501)
	at org.h2.jdbc.JdbcConnection.prepareCommand(JdbcConnection.java:1202)
	at org.h2.jdbc.JdbcPreparedStatement.&lt;init&gt;(JdbcPreparedStatement.java:73)
	at org.h2.jdbc.JdbcConnection.prepareStatement(JdbcConnection.java:290)
	at org.hibernate.engine.jdbc.internal.StatementPreparerImpl$1.doPrepare(StatementPreparerImpl.java:87)
	at org.hibernate.engine.jdbc.internal.StatementPreparerImpl$StatementPreparationTemplate.prepareStatement(StatementPreparerImpl.java:172)
	... 60 more
</failure>
  </testcase>
  <system-out><![CDATA[Hibernate: INSERT INTO PrimitiveTestEntity (id, lobBytes, lobChars, name, testBoolean, testByte, testChar, testDouble, testFloat, testInt, testLong, testShort) VALUES (1, '01020304050607090D0A080C27204279746573', 'Many ' || CHR(13) || CHR(10) || ' Characters', 'Test Lobs', 0, 0, 'x', 0.0, 0.0, 0, 0, 0)
Hibernate: INSERT INTO PrimitiveTestEntity (id, description, name, testBoolean, testByte, testChar, testDouble, testFloat, testInt, testLong, testShort) VALUES (1, 'Test all primitive values and ''escaping''.' || CHR(10) || '	' || CHR(13) || CHR(8) || '"New line".''', 'Test Primitives', 1, -128, '''', -0.9876543210987654, -0.9876543, -2147483648, -9223372036854775808, -32768)
Hibernate: INSERT INTO PrimitiveTestEntity (id, name, serializale, testBoolean, testByte, testChar, testDouble, testFloat, testInt, testLong, testShort) VALUES (1, 'Test Serializables', 'ACED00057372003C6F72672E666173746E6174652E67656E657261746F722E746573742E7072696D69746976652E53657269616C697A61626C65546573744F626A656374000000000000000102000249000B696E7450726F70657274794C000E737472696E6750726F70657274797400124C6A6176612F6C616E672F537472696E673B78700000000274000E737472696E6750726F7065727479', 0, 0, 'x', 0.0, 0.0, 0, 0, 0)
Hibernate: INSERT INTO PrimitiveTestEntity (id, name, testBoolean, testByte, testChar, testDouble, testFloat, testInt, testLong, testShort) VALUES (1, 'Test Transients', 0, 0, 'x', 0.0, 0.0, 0, 0, 0)
Hibernate: INSERT INTO PrimitiveTestEntity (id, dateColumn, name, testBoolean, testByte, testChar, testDouble, testFloat, testInt, testLong, testShort, timeColumn, timestampColumn) VALUES (1, '1970-01-01', 'Test Temporals', 0, 0, 'x', 0.0, 0.0, 0, 0, 0, '20:00:00', '1970-01-01 20:00:00.0')
Hibernate: INSERT INTO PrimitiveTestEntity (id, name, ordinalEnum, stringEnum, testBoolean, testByte, testChar, testDouble, testFloat, testInt, testLong, testShort) VALUES (1, 'Test Enums', 1, 'two', 0, 0, 'x', 0.0, 0.0, 0, 0, 0)
]]></system-out>
  <system-err><![CDATA[Sep 08, 2016 3:35:24 PM org.hibernate.jpa.internal.util.LogHelper logPersistenceUnitInformation
INFO: HHH000204: Processing PersistenceUnitInfo [
	name: test-h2
	...]
Sep 08, 2016 3:35:24 PM org.hibernate.engine.jdbc.connections.internal.DriverManagerConnectionProviderImpl configure
WARN: HHH10001002: Using Hibernate built-in connection pool (not for production use!)
Sep 08, 2016 3:35:24 PM org.hibernate.engine.jdbc.connections.internal.DriverManagerConnectionProviderImpl buildCreator
INFO: HHH10001005: using driver [org.h2.Driver] at URL [jdbc:h2:mem:test;DB_CLOSE_DELAY=-1;MVCC=1;MODE=Oracle;DB_CLOSE_ON_EXIT=FALSE]
Sep 08, 2016 3:35:24 PM org.hibernate.engine.jdbc.connections.internal.DriverManagerConnectionProviderImpl buildCreator
INFO: HHH10001001: Connection properties: {user=sa, password=****}
Sep 08, 2016 3:35:24 PM org.hibernate.engine.jdbc.connections.internal.DriverManagerConnectionProviderImpl buildCreator
INFO: HHH10001003: Autocommit mode: false
Sep 08, 2016 3:35:24 PM org.hibernate.engine.jdbc.connections.internal.PooledConnections <init>
INFO: HHH000115: Hibernate connection pool size: 20 (min=1)
Sep 08, 2016 3:35:24 PM org.hibernate.dialect.Dialect <init>
INFO: HHH000400: Using dialect: org.hibernate.dialect.H2Dialect
Sep 08, 2016 3:35:24 PM org.hibernate.tool.hbm2ddl.SchemaExport execute
INFO: HHH000227: Running hbm2ddl schema export
Sep 08, 2016 3:35:24 PM org.hibernate.tool.hbm2ddl.SchemaExport execute
INFO: HHH000230: Schema export complete
Sep 08, 2016 3:35:24 PM org.fastnate.generator.test.SqlEmWriter write
INFO: Writing SQL: INSERT INTO PrimitiveTestEntity (id, lobBytes, lobChars, name, testBoolean, testByte, testChar, testDouble, testFloat, testInt, testLong, testShort) VALUES (1, '01020304050607090D0A080C27204279746573', 'Many ' || CHR(13) || CHR(10) || ' Characters', 'Test Lobs', 0, 0, 'x', 0.0, 0.0, 0, 0, 0)
Sep 08, 2016 3:35:24 PM org.hibernate.engine.jdbc.spi.SqlExceptionHelper logExceptions
WARN: SQL Error: 42102, SQLState: 42S02
Sep 08, 2016 3:35:24 PM org.hibernate.engine.jdbc.spi.SqlExceptionHelper logExceptions
ERROR: Table "PRIMITIVETESTENTITY" not found; SQL statement:
INSERT INTO PrimitiveTestEntity (id, lobBytes, lobChars, name, testBoolean, testByte, testChar, testDouble, testFloat, testInt, testLong, testShort) VALUES (1, '01020304050607090D0A080C27204279746573', 'Many ' || CHR(13) || CHR(10) || ' Characters', 'Test Lobs', 0, 0, 'x', 0.0, 0.0, 0, 0, 0) [42102-192]
Sep 08, 2016 3:35:24 PM org.hibernate.engine.jdbc.connections.internal.DriverManagerConnectionProviderImpl stop
INFO: HHH10001008: Cleaning up connection pool [jdbc:h2:mem:test;DB_CLOSE_DELAY=-1;MVCC=1;MODE=Oracle;DB_CLOSE_ON_EXIT=FALSE]
Sep 08, 2016 3:35:25 PM org.hibernate.jpa.internal.util.LogHelper logPersistenceUnitInformation
INFO: HHH000204: Processing PersistenceUnitInfo [
	name: test-h2
	...]
Sep 08, 2016 3:35:25 PM org.hibernate.engine.jdbc.connections.internal.DriverManagerConnectionProviderImpl configure
WARN: HHH10001002: Using Hibernate built-in connection pool (not for production use!)
Sep 08, 2016 3:35:25 PM org.hibernate.engine.jdbc.connections.internal.DriverManagerConnectionProviderImpl buildCreator
INFO: HHH10001005: using driver [org.h2.Driver] at URL [jdbc:h2:mem:test;DB_CLOSE_DELAY=-1;MVCC=1;MODE=Oracle;DB_CLOSE_ON_EXIT=FALSE]
Sep 08, 2016 3:35:25 PM org.hibernate.engine.jdbc.connections.internal.DriverManagerConnectionProviderImpl buildCreator
INFO: HHH10001001: Connection properties: {user=sa, password=****}
Sep 08, 2016 3:35:25 PM org.hibernate.engine.jdbc.connections.internal.DriverManagerConnectionProviderImpl buildCreator
INFO: HHH10001003: Autocommit mode: false
Sep 08, 2016 3:35:25 PM org.hibernate.engine.jdbc.connections.internal.PooledConnections <init>
INFO: HHH000115: Hibernate connection pool size: 20 (min=1)
Sep 08, 2016 3:35:25 PM org.hibernate.dialect.Dialect <init>
INFO: HHH000400: Using dialect: org.hibernate.dialect.H2Dialect
Sep 08, 2016 3:35:25 PM org.hibernate.tool.hbm2ddl.SchemaExport execute
INFO: HHH000227: Running hbm2ddl schema export
Sep 08, 2016 3:35:25 PM org.hibernate.tool.hbm2ddl.SchemaExport execute
INFO: HHH000230: Schema export complete
Sep 08, 2016 3:35:25 PM org.fastnate.generator.test.SqlEmWriter write
INFO: Writing SQL: INSERT INTO PrimitiveTestEntity (id, description, name, testBoolean, testByte, testChar, testDouble, testFloat, testInt, testLong, testShort) VALUES (1, 'Test all primitive values and ''escaping''.' || CHR(10) || '	' || CHR(13) || CHR(8) || '"New line".''', 'Test Primitives', 1, -128, '''', -0.9876543210987654, -0.9876543, -2147483648, -9223372036854775808, -32768)
Sep 08, 2016 3:35:25 PM org.hibernate.engine.jdbc.spi.SqlExceptionHelper logExceptions
WARN: SQL Error: 42102, SQLState: 42S02
Sep 08, 2016 3:35:25 PM org.hibernate.engine.jdbc.spi.SqlExceptionHelper logExceptions
ERROR: Table "PRIMITIVETESTENTITY" not found; SQL statement:
INSERT INTO PrimitiveTestEntity (id, description, name, testBoolean, testByte, testChar, testDouble, testFloat, testInt, testLong, testShort) VALUES (1, 'Test all primitive values and ''escaping''.' || CHR(10) || '	' || CHR(13) || CHR(8) || '"New line".''', 'Test Primitives', 1, -128, '''', -0.9876543210987654, -0.9876543, -2147483648, -9223372036854775808, -32768) [42102-192]
Sep 08, 2016 3:35:25 PM org.hibernate.engine.jdbc.connections.internal.DriverManagerConnectionProviderImpl stop
INFO: HHH10001008: Cleaning up connection pool [jdbc:h2:mem:test;DB_CLOSE_DELAY=-1;MVCC=1;MODE=Oracle;DB_CLOSE_ON_EXIT=FALSE]
Sep 08, 2016 3:35:25 PM org.hibernate.jpa.internal.util.LogHelper logPersistenceUnitInformation
INFO: HHH000204: Processing PersistenceUnitInfo [
	name: test-h2
	...]
Sep 08, 2016 3:35:25 PM org.hibernate.engine.jdbc.connections.internal.DriverManagerConnectionProviderImpl configure
WARN: HHH10001002: Using Hibernate built-in connection pool (not for production use!)
Sep 08, 2016 3:35:25 PM org.hibernate.engine.jdbc.connections.internal.DriverManagerConnectionProviderImpl buildCreator
INFO: HHH10001005: using driver [org.h2.Driver] at URL [jdbc:h2:mem:test;DB_CLOSE_DELAY=-1;MVCC=1;MODE=Oracle;DB_CLOSE_ON_EXIT=FALSE]
Sep 08, 2016 3:35:25 PM org.hibernate.engine.jdbc.connections.internal.DriverManagerConnectionProviderImpl buildCreator
INFO: HHH10001001: Connection properties: {user=sa, password=****}
Sep 08, 2016 3:35:25 PM org.hibernate.engine.jdbc.connections.internal.DriverManagerConnectionProviderImpl buildCreator
INFO: HHH10001003: Autocommit mode: false
Sep 08, 2016 3:35:25 PM org.hibernate.engine.jdbc.connections.internal.PooledConnections <init>
INFO: HHH000115: Hibernate connection pool size: 20 (min=1)
Sep 08, 2016 3:35:25 PM org.hibernate.dialect.Dialect <init>
INFO: HHH000400: Using dialect: org.hibernate.dialect.H2Dialect
Sep 08, 2016 3:35:25 PM org.hibernate.tool.hbm2ddl.SchemaExport execute
INFO: HHH000227: Running hbm2ddl schema export
Sep 08, 2016 3:35:25 PM org.hibernate.tool.hbm2ddl.SchemaExport execute
INFO: HHH000230: Schema export complete
Sep 08, 2016 3:35:25 PM org.fastnate.generator.test.SqlEmWriter write
INFO: Writing SQL: INSERT INTO PrimitiveTestEntity (id, name, serializale, testBoolean, testByte, testChar, testDouble, testFloat, testInt, testLong, testShort) VALUES (1, 'Test Serializables', 'ACED00057372003C6F72672E666173746E6174652E67656E657261746F722E746573742E7072696D69746976652E53657269616C697A61626C65546573744F626A656374000000000000000102000249000B696E7450726F70657274794C000E737472696E6750726F70657274797400124C6A6176612F6C616E672F537472696E673B78700000000274000E737472696E6750726F7065727479', 0, 0, 'x', 0.0, 0.0, 0, 0, 0)
Sep 08, 2016 3:35:25 PM org.hibernate.engine.jdbc.spi.SqlExceptionHelper logExceptions
WARN: SQL Error: 42102, SQLState: 42S02
Sep 08, 2016 3:35:25 PM org.hibernate.engine.jdbc.spi.SqlExceptionHelper logExceptions
ERROR: Table "PRIMITIVETESTENTITY" not found; SQL statement:
INSERT INTO PrimitiveTestEntity (id, name, serializale, testBoolean, testByte, testChar, testDouble, testFloat, testInt, testLong, testShort) VALUES (1, 'Test Serializables', 'ACED00057372003C6F72672E666173746E6174652E67656E657261746F722E746573742E7072696D69746976652E53657269616C697A61626C65546573744F626A656374000000000000000102000249000B696E7450726F70657274794C000E737472696E6750726F70657274797400124C6A6176612F6C616E672F537472696E673B78700000000274000E737472696E6750726F7065727479', 0, 0, 'x', 0.0, 0.0, 0, 0, 0) [42102-192]
Sep 08, 2016 3:35:25 PM org.hibernate.engine.jdbc.connections.internal.DriverManagerConnectionProviderImpl stop
INFO: HHH10001008: Cleaning up connection pool [jdbc:h2:mem:test;DB_CLOSE_DELAY=-1;MVCC=1;MODE=Oracle;DB_CLOSE_ON_EXIT=FALSE]
Sep 08, 2016 3:35:25 PM org.hibernate.jpa.internal.util.LogHelper logPersistenceUnitInformation
INFO: HHH000204: Processing PersistenceUnitInfo [
	name: test-h2
	...]
Sep 08, 2016 3:35:25 PM org.hibernate.engine.jdbc.connections.internal.DriverManagerConnectionProviderImpl configure
WARN: HHH10001002: Using Hibernate built-in connection pool (not for production use!)
Sep 08, 2016 3:35:25 PM org.hibernate.engine.jdbc.connections.internal.DriverManagerConnectionProviderImpl buildCreator
INFO: HHH10001005: using driver [org.h2.Driver] at URL [jdbc:h2:mem:test;DB_CLOSE_DELAY=-1;MVCC=1;MODE=Oracle;DB_CLOSE_ON_EXIT=FALSE]
Sep 08, 2016 3:35:25 PM org.hibernate.engine.jdbc.connections.internal.DriverManagerConnectionProviderImpl buildCreator
INFO: HHH10001001: Connection properties: {user=sa, password=****}
Sep 08, 2016 3:35:25 PM org.hibernate.engine.jdbc.connections.internal.DriverManagerConnectionProviderImpl buildCreator
INFO: HHH10001003: Autocommit mode: false
Sep 08, 2016 3:35:25 PM org.hibernate.engine.jdbc.connections.internal.PooledConnections <init>
INFO: HHH000115: Hibernate connection pool size: 20 (min=1)
Sep 08, 2016 3:35:25 PM org.hibernate.dialect.Dialect <init>
INFO: HHH000400: Using dialect: org.hibernate.dialect.H2Dialect
Sep 08, 2016 3:35:25 PM org.hibernate.tool.hbm2ddl.SchemaExport execute
INFO: HHH000227: Running hbm2ddl schema export
Sep 08, 2016 3:35:25 PM org.hibernate.tool.hbm2ddl.SchemaExport execute
INFO: HHH000230: Schema export complete
Sep 08, 2016 3:35:25 PM org.fastnate.generator.test.SqlEmWriter write
INFO: Writing SQL: INSERT INTO PrimitiveTestEntity (id, name, testBoolean, testByte, testChar, testDouble, testFloat, testInt, testLong, testShort) VALUES (1, 'Test Transients', 0, 0, 'x', 0.0, 0.0, 0, 0, 0)
Sep 08, 2016 3:35:25 PM org.hibernate.engine.jdbc.spi.SqlExceptionHelper logExceptions
WARN: SQL Error: 42102, SQLState: 42S02
Sep 08, 2016 3:35:25 PM org.hibernate.engine.jdbc.spi.SqlExceptionHelper logExceptions
ERROR: Table "PRIMITIVETESTENTITY" not found; SQL statement:
INSERT INTO PrimitiveTestEntity (id, name, testBoolean, testByte, testChar, testDouble, testFloat, testInt, testLong, testShort) VALUES (1, 'Test Transients', 0, 0, 'x', 0.0, 0.0, 0, 0, 0) [42102-192]
Sep 08, 2016 3:35:25 PM org.hibernate.engine.jdbc.connections.internal.DriverManagerConnectionProviderImpl stop
INFO: HHH10001008: Cleaning up connection pool [jdbc:h2:mem:test;DB_CLOSE_DELAY=-1;MVCC=1;MODE=Oracle;DB_CLOSE_ON_EXIT=FALSE]
Sep 08, 2016 3:35:25 PM org.hibernate.jpa.internal.util.LogHelper logPersistenceUnitInformation
INFO: HHH000204: Processing PersistenceUnitInfo [
	name: test-h2
	...]
Sep 08, 2016 3:35:25 PM org.hibernate.engine.jdbc.connections.internal.DriverManagerConnectionProviderImpl configure
WARN: HHH10001002: Using Hibernate built-in connection pool (not for production use!)
Sep 08, 2016 3:35:25 PM org.hibernate.engine.jdbc.connections.internal.DriverManagerConnectionProviderImpl buildCreator
INFO: HHH10001005: using driver [org.h2.Driver] at URL [jdbc:h2:mem:test;DB_CLOSE_DELAY=-1;MVCC=1;MODE=Oracle;DB_CLOSE_ON_EXIT=FALSE]
Sep 08, 2016 3:35:25 PM org.hibernate.engine.jdbc.connections.internal.DriverManagerConnectionProviderImpl buildCreator
INFO: HHH10001001: Connection properties: {user=sa, password=****}
Sep 08, 2016 3:35:25 PM org.hibernate.engine.jdbc.connections.internal.DriverManagerConnectionProviderImpl buildCreator
INFO: HHH10001003: Autocommit mode: false
Sep 08, 2016 3:35:25 PM org.hibernate.engine.jdbc.connections.internal.PooledConnections <init>
INFO: HHH000115: Hibernate connection pool size: 20 (min=1)
Sep 08, 2016 3:35:25 PM org.hibernate.dialect.Dialect <init>
INFO: HHH000400: Using dialect: org.hibernate.dialect.H2Dialect
Sep 08, 2016 3:35:25 PM org.hibernate.tool.hbm2ddl.SchemaExport execute
INFO: HHH000227: Running hbm2ddl schema export
Sep 08, 2016 3:35:25 PM org.hibernate.tool.hbm2ddl.SchemaExport execute
INFO: HHH000230: Schema export complete
Sep 08, 2016 3:35:25 PM org.fastnate.generator.test.SqlEmWriter write
INFO: Writing SQL: INSERT INTO PrimitiveTestEntity (id, dateColumn, name, testBoolean, testByte, testChar, testDouble, testFloat, testInt, testLong, testShort, timeColumn, timestampColumn) VALUES (1, '1970-01-01', 'Test Temporals', 0, 0, 'x', 0.0, 0.0, 0, 0, 0, '20:00:00', '1970-01-01 20:00:00.0')
Sep 08, 2016 3:35:25 PM org.hibernate.engine.jdbc.spi.SqlExceptionHelper logExceptions
WARN: SQL Error: 42102, SQLState: 42S02
Sep 08, 2016 3:35:25 PM org.hibernate.engine.jdbc.spi.SqlExceptionHelper logExceptions
ERROR: Table "PRIMITIVETESTENTITY" not found; SQL statement:
INSERT INTO PrimitiveTestEntity (id, dateColumn, name, testBoolean, testByte, testChar, testDouble, testFloat, testInt, testLong, testShort, timeColumn, timestampColumn) VALUES (1, '1970-01-01', 'Test Temporals', 0, 0, 'x', 0.0, 0.0, 0, 0, 0, '20:00:00', '1970-01-01 20:00:00.0') [42102-192]
Sep 08, 2016 3:35:25 PM org.hibernate.engine.jdbc.connections.internal.DriverManagerConnectionProviderImpl stop
INFO: HHH10001008: Cleaning up connection pool [jdbc:h2:mem:test;DB_CLOSE_DELAY=-1;MVCC=1;MODE=Oracle;DB_CLOSE_ON_EXIT=FALSE]
Sep 08, 2016 3:35:25 PM org.hibernate.jpa.internal.util.LogHelper logPersistenceUnitInformation
INFO: HHH000204: Processing PersistenceUnitInfo [
	name: test-h2
	...]
Sep 08, 2016 3:35:25 PM org.hibernate.engine.jdbc.connections.internal.DriverManagerConnectionProviderImpl configure
WARN: HHH10001002: Using Hibernate built-in connection pool (not for production use!)
Sep 08, 2016 3:35:25 PM org.hibernate.engine.jdbc.connections.internal.DriverManagerConnectionProviderImpl buildCreator
INFO: HHH10001005: using driver [org.h2.Driver] at URL [jdbc:h2:mem:test;DB_CLOSE_DELAY=-1;MVCC=1;MODE=Oracle;DB_CLOSE_ON_EXIT=FALSE]
Sep 08, 2016 3:35:25 PM org.hibernate.engine.jdbc.connections.internal.DriverManagerConnectionProviderImpl buildCreator
INFO: HHH10001001: Connection properties: {user=sa, password=****}
Sep 08, 2016 3:35:25 PM org.hibernate.engine.jdbc.connections.internal.DriverManagerConnectionProviderImpl buildCreator
INFO: HHH10001003: Autocommit mode: false
Sep 08, 2016 3:35:25 PM org.hibernate.engine.jdbc.connections.internal.PooledConnections <init>
INFO: HHH000115: Hibernate connection pool size: 20 (min=1)
Sep 08, 2016 3:35:25 PM org.hibernate.dialect.Dialect <init>
INFO: HHH000400: Using dialect: org.hibernate.dialect.H2Dialect
Sep 08, 2016 3:35:25 PM org.hibernate.tool.hbm2ddl.SchemaExport execute
INFO: HHH000227: Running hbm2ddl schema export
Sep 08, 2016 3:35:25 PM org.hibernate.tool.hbm2ddl.SchemaExport execute
INFO: HHH000230: Schema export complete
Sep 08, 2016 3:35:25 PM org.fastnate.generator.test.SqlEmWriter write
INFO: Writing SQL: INSERT INTO PrimitiveTestEntity (id, name, ordinalEnum, stringEnum, testBoolean, testByte, testChar, testDouble, testFloat, testInt, testLong, testShort) VALUES (1, 'Test Enums', 1, 'two', 0, 0, 'x', 0.0, 0.0, 0, 0, 0)
Sep 08, 2016 3:35:25 PM org.hibernate.engine.jdbc.spi.SqlExceptionHelper logExceptions
WARN: SQL Error: 42102, SQLState: 42S02
Sep 08, 2016 3:35:25 PM org.hibernate.engine.jdbc.spi.SqlExceptionHelper logExceptions
ERROR: Table "PRIMITIVETESTENTITY" not found; SQL statement:
INSERT INTO PrimitiveTestEntity (id, name, ordinalEnum, stringEnum, testBoolean, testByte, testChar, testDouble, testFloat, testInt, testLong, testShort) VALUES (1, 'Test Enums', 1, 'two', 0, 0, 'x', 0.0, 0.0, 0, 0, 0) [42102-192]
Sep 08, 2016 3:35:25 PM org.hibernate.engine.jdbc.connections.internal.DriverManagerConnectionProviderImpl stop
INFO: HHH10001008: Cleaning up connection pool [jdbc:h2:mem:test;DB_CLOSE_DELAY=-1;MVCC=1;MODE=Oracle;DB_CLOSE_ON_EXIT=FALSE]
]]></system-err>
</testsuite>
